2025-07-21 22:48:25,207 INFO Fetching latest hotspots for all models at 2025-07-21 19:48:25 UTC …
2025-07-21 22:48:27,407 INFO [VIIRS] Retrieved 28 records. Newest: 2025-07-13 23:12:00 UTC, Latency: 11316 min
2025-07-21 22:48:28,933 INFO [MODIS] Retrieved 4 records. Newest: 2025-07-13 11:53:00 UTC, Latency: 11995 min
2025-07-21 22:48:28,935 INFO All model fetches successful.
2025-07-21 22:48:28,935 INFO Sleeping 10 minutes …
2025-07-21 22:51:23,979 INFO Fetching latest hotspots for all models at 2025-07-21 19:51:23 UTC …
2025-07-21 22:51:25,400 INFO [VIIRS] Retrieved 28 records. Newest: 2025-07-13 23:12:00 UTC, Latency: 11319 min
2025-07-21 22:51:26,425 INFO [MODIS] Retrieved 4 records. Newest: 2025-07-13 11:53:00 UTC, Latency: 11998 min
2025-07-21 22:51:26,428 INFO All model fetches successful.
2025-07-21 22:51:26,428 INFO Sleeping 10 minutes …
2025-07-21 23:01:26,395 INFO Fetching latest hotspots for all models at 2025-07-21 20:01:26 UTC …
2025-07-21 23:01:27,816 INFO [VIIRS] Retrieved 28 records. Newest: 2025-07-13 23:12:00 UTC, Latency: 11329 min
2025-07-21 23:01:28,979 INFO [MODIS] Retrieved 4 records. Newest: 2025-07-13 11:53:00 UTC, Latency: 12008 min
2025-07-21 23:01:28,980 INFO All model fetches successful.
2025-07-21 23:01:28,980 INFO Sleeping 10 minutes …
2025-07-21 23:11:28,982 INFO Fetching latest hotspots for all models at 2025-07-21 20:11:28 UTC …
2025-07-21 23:11:30,903 INFO [VIIRS] Retrieved 28 records. Newest: 2025-07-13 23:12:00 UTC, Latency: 11339 min
2025-07-21 23:11:32,496 INFO [MODIS] Retrieved 4 records. Newest: 2025-07-13 11:53:00 UTC, Latency: 12018 min
2025-07-21 23:11:32,497 INFO All model fetches successful.
2025-07-21 23:11:32,497 INFO Sleeping 10 minutes …
2025-07-21 23:21:32,419 INFO Fetching latest hotspots for all models at 2025-07-21 20:21:32 UTC …
2025-07-21 23:21:34,188 INFO [VIIRS] Retrieved 28 records. Newest: 2025-07-13 23:12:00 UTC, Latency: 11349 min
2025-07-21 23:21:35,169 INFO [MODIS] Retrieved 4 records. Newest: 2025-07-13 11:53:00 UTC, Latency: 12028 min
2025-07-21 23:21:35,171 INFO All model fetches successful.
2025-07-21 23:21:35,171 INFO Sleeping 10 minutes …
2025-07-21 23:31:35,256 INFO Fetching latest hotspots for all models at 2025-07-21 20:31:35 UTC …
2025-07-21 23:31:37,099 INFO [VIIRS] Retrieved 28 records. Newest: 2025-07-13 23:12:00 UTC, Latency: 11359 min
2025-07-21 23:31:38,465 INFO [MODIS] Retrieved 4 records. Newest: 2025-07-13 11:53:00 UTC, Latency: 12038 min
2025-07-21 23:31:38,466 INFO All model fetches successful.
2025-07-21 23:31:38,466 INFO Sleeping 10 minutes …
